<?xml version="1.0" encoding="utf-8"?><testsuites><testsuite name="pytest" errors="0" failures="0" skipped="0" tests="78" time="30.191" timestamp="2025-08-31T16:20:31.021394" hostname="codespaces-185d98"><testcase classname="test_basic_operations.TestBasicOperations" name="test_set_and_get_single_key" time="0.211" /><testcase classname="test_basic_operations.TestBasicOperations" name="test_get_nonexistent_key" time="0.206" /><testcase classname="test_basic_operations.TestBasicOperations" name="test_set_overwrite_existing_key" time="0.208" /><testcase classname="test_basic_operations.TestBasicOperations" name="test_delete_existing_key" time="0.207" /><testcase classname="test_basic_operations.TestBasicOperations" name="test_delete_nonexistent_key" time="0.206" /><testcase classname="test_basic_operations.TestBasicOperations" name="test_multiple_operations_sequence" time="0.207" /><testcase classname="test_basic_operations.TestBasicOperations" name="test_empty_key_and_value" time="0.208" /><testcase classname="test_basic_operations.TestBasicOperations" name="test_special_characters_in_keys_and_values" time="0.207" /><testcase classname="test_basic_operations.TestBasicOperations" name="test_large_values" time="0.206" /><testcase classname="test_basic_operations.TestBasicOperations" name="test_invalid_commands" time="0.206" /><testcase classname="test_basic_operations.TestBasicOperations" name="test_command_case_insensitivity" time="0.208" /><testcase classname="test_basic_operations.TestBasicOperations" name="test_del_alias_for_delete" time="0.209" /><testcase classname="test_basic_operations.TestDataPersistence" name="test_data_survives_server_restart" time="0.213" /><testcase classname="test_bulk_operations" name="test_mget_single_key" time="0.206" /><testcase classname="test_bulk_operations" name="test_mget_multiple_keys" time="0.206" /><testcase classname="test_bulk_operations" name="test_mget_nonexistent_keys" time="0.206" /><testcase classname="test_bulk_operations" name="test_mget_all_nonexistent_keys" time="0.206" /><testcase classname="test_bulk_operations" name="test_mset_single_pair" time="0.206" /><testcase classname="test_bulk_operations" name="test_mset_multiple_pairs" time="0.206" /><testcase classname="test_bulk_operations" name="test_mset_overwrite_existing" time="0.206" /><testcase classname="test_bulk_operations" name="test_truncate" time="0.207" /><testcase classname="test_bulk_operations" name="test_bulk_operations_combined" time="0.206" /><testcase classname="test_bulk_ops_manual" name="test_mset" time="0.206" /><testcase classname="test_bulk_ops_manual" name="test_mget" time="0.206" /><testcase classname="test_bulk_ops_manual" name="test_truncate" time="0.208" /><testcase classname="test_concurrency.TestConcurrency" name="test_multiple_clients_same_key" time="0.377" /><testcase classname="test_concurrency.TestConcurrency" name="test_concurrent_reads_same_key" time="0.292" /><testcase classname="test_concurrency.TestConcurrency" name="test_concurrent_writes_different_keys" time="0.253" /><testcase classname="test_concurrency.TestConcurrency" name="test_concurrent_mixed_operations" time="0.251" /><testcase classname="test_concurrency.TestConcurrency" name="test_connection_stress_test" time="0.229" /><testcase classname="test_concurrency.TestConcurrency" name="test_rapid_operations_single_client" time="0.596" /><testcase classname="test_concurrency.TestConcurrency" name="test_thread_safety_with_shared_data" time="0.363" /><testcase classname="test_error_handling.TestErrorHandling" name="test_invalid_commands" time="0.207" /><testcase classname="test_error_handling.TestErrorHandling" name="test_malformed_protocol" time="0.306" /><testcase classname="test_error_handling.TestErrorHandling" name="test_large_commands" time="0.206" /><testcase classname="test_error_handling.TestErrorHandling" name="test_unicode_and_special_characters" time="0.207" /><testcase classname="test_error_handling.TestErrorHandling" name="test_connection_timeout" time="5.206" /><testcase classname="test_error_handling.TestErrorHandling" name="test_rapid_connect_disconnect" time="0.246" /><testcase classname="test_error_handling.TestErrorHandling" name="test_server_restart_recovery" time="2.412" /><testcase classname="test_error_handling.TestErrorHandling" name="test_concurrent_errors" time="0.219" /><testcase classname="test_error_handling.TestErrorHandling" name="test_memory_pressure" time="0.210" /><testcase classname="test_error_handling.TestErrorHandling" name="test_network_partition_simulation" time="0.219" /><testcase classname="test_error_handling.TestErrorHandling" name="test_protocol_violations" time="0.206" /><testcase classname="test_error_handling.TestErrorHandling" name="test_resource_cleanup" time="0.222" /><testcase classname="test_error_handling.TestErrorHandling" name="test_error_message_format" time="0.208" /><testcase classname="test_error_handling.TestRecoveryScenarios" name="test_partial_write_recovery" time="0.208" /><testcase classname="test_mget_fix" name="test_mget_lowercase" time="0.209" /><testcase classname="test_numeric_operations.TestNumericOperations" name="test_increment_new_key" time="0.212" /><testcase classname="test_numeric_operations.TestNumericOperations" name="test_increment_with_amount" time="0.210" /><testcase classname="test_numeric_operations.TestNumericOperations" name="test_increment_negative_amount" time="0.206" /><testcase classname="test_numeric_operations.TestNumericOperations" name="test_increment_non_numeric_value" time="0.207" /><testcase classname="test_numeric_operations.TestNumericOperations" name="test_decrement_new_key" time="0.208" /><testcase classname="test_numeric_operations.TestNumericOperations" name="test_decrement_with_amount" time="0.206" /><testcase classname="test_numeric_operations.TestNumericOperations" name="test_decrement_below_zero" time="0.207" /><testcase classname="test_numeric_operations.TestNumericOperations" name="test_decrement_non_numeric_value" time="0.206" /><testcase classname="test_numeric_operations.TestNumericOperations" name="test_multiple_increment_operations" time="0.209" /><testcase classname="test_numeric_operations.TestNumericOperations" name="test_mixed_increment_decrement" time="0.207" /><testcase classname="test_numeric_operations.TestNumericOperations" name="test_increment_large_values" time="0.207" /><testcase classname="test_numeric_operations.TestNumericOperations" name="test_invalid_increment_commands" time="0.206" /><testcase classname="test_numeric_operations.TestNumericOperations" name="test_invalid_decrement_commands" time="0.206" /><testcase classname="test_numeric_operations.TestStringOperations" name="test_append_to_existing_key" time="0.206" /><testcase classname="test_numeric_operations.TestStringOperations" name="test_append_to_new_key" time="0.207" /><testcase classname="test_numeric_operations.TestStringOperations" name="test_prepend_to_existing_key" time="0.206" /><testcase classname="test_numeric_operations.TestStringOperations" name="test_prepend_to_new_key" time="0.206" /><testcase classname="test_numeric_operations.TestStringOperations" name="test_multiple_append_operations" time="0.206" /><testcase classname="test_numeric_operations.TestStringOperations" name="test_multiple_prepend_operations" time="0.207" /><testcase classname="test_numeric_operations.TestStringOperations" name="test_mixed_append_prepend" time="0.206" /><testcase classname="test_numeric_operations.TestStringOperations" name="test_append_prepend_to_numeric_values" time="0.207" /><testcase classname="test_numeric_operations.TestStringOperations" name="test_append_prepend_empty_strings" time="0.206" /><testcase classname="test_numeric_operations.TestStringOperations" name="test_invalid_append_commands" time="0.206" /><testcase classname="test_numeric_operations.TestStringOperations" name="test_invalid_prepend_commands" time="0.206" /><testcase classname="test_statistical_commands" name="test_ping_command" time="0.206" /><testcase classname="test_statistical_commands" name="test_stats_command" time="0.214" /><testcase classname="test_statistical_commands" name="test_info_command" time="0.210" /><testcase classname="test_statistical_commands" name="test_stats_updates_with_commands" time="0.214" /><testcase classname="test_statistical_commands" name="test_info_shows_key_count" time="0.207" /><testcase classname="test_statistical_commands" name="test_uptime_increases" time="2.215" /><testcase classname="test_storage_persistence" name="test_storage_persistence_across_restart" time="3.624" /></testsuite></testsuites>